<?xml version="1.0" encoding="UTF-8"?>
<testsuite name="TestEmployee" tests="9" skipped="0" failures="0" errors="0" timestamp="2025-06-04T15:19:14" hostname="Samuels-MacBook-Pro.local" time="0.016">
  <properties/>
  <testcase name="testGetPretaxDeductions()" classname="TestEmployee" time="0.008"/>
  <testcase name="testGetID()" classname="TestEmployee" time="0.0"/>
  <testcase name="testToCSV()" classname="TestEmployee" time="0.001"/>
  <testcase name="testToString()" classname="TestEmployee" time="0.001"/>
  <testcase name="testGetName()" classname="TestEmployee" time="0.0"/>
  <testcase name="testGetPayRate()" classname="TestEmployee" time="0.0"/>
  <testcase name="testGetEmployeeType()" classname="TestEmployee" time="0.002"/>
  <testcase name="testGetYTDTaxesPaid()" classname="TestEmployee" time="0.001"/>
  <testcase name="testGetYTDEarnings()" classname="TestEmployee" time="0.0"/>
  <system-out><![CDATA[]]></system-out>
  <system-err><![CDATA[]]></system-err>
</testsuite>
