<?xml version="1.0" encoding="UTF-8"?>
<testsuite name="TestBuilder" tests="1" skipped="0" failures="0" errors="0" timestamp="2025-06-07T06:57:53" hostname="Samuels-MacBook-Pro.local" time="0.007">
  <properties/>
  <testcase name="testBuilderFromCSVillegalFormat()" classname="TestBuilder" time="0.007"/>
  <system-out><![CDATA[]]></system-out>
  <system-err><![CDATA[]]></system-err>
</testsuite>
