<?xml version="1.0" encoding="UTF-8"?>
<testsuite name="TestPayrollGenerator" tests="6" skipped="0" failures="0" errors="0" timestamp="2025-06-15T19:59:22" hostname="Samuels-MacBook-Pro.local" time="0.027">
  <properties/>
  <testcase name="testFinalPayStub()" classname="TestPayrollGenerator" time="0.013"/>
  <testcase name="testFinalEmployeeCSV2()" classname="TestPayrollGenerator" time="0.002"/>
  <testcase name="testFinalEmployeeCSV()" classname="TestPayrollGenerator" time="0.003"/>
  <testcase name="testFinalTimeCard3()" classname="TestPayrollGenerator" time="0.004"/>
  <testcase name="testBadCSVFileReadingEmployee()" classname="TestPayrollGenerator" time="0.001"/>
  <testcase name="testBadCSVFileReadingTimeCard()" classname="TestPayrollGenerator" time="0.001"/>
  <system-out><![CDATA[Negative hours set for employee ID: s192. Skipping pay stub.
Invalid hours worked for employee ID: s193. 
Invalid hours worked for employee ID: x101. 
]]></system-out>
  <system-err><![CDATA[]]></system-err>
</testsuite>
