<?xml version="1.0" encoding="UTF-8"?>
<testsuite name="TestPayrollGenerator" tests="1" skipped="0" failures="0" errors="0" timestamp="2025-06-07T05:20:45" hostname="Samuels-MacBook-Pro.local" time="0.012">
  <properties/>
  <testcase name="testFinalPayStub()" classname="TestPayrollGenerator" time="0.012"/>
  <system-out><![CDATA[]]></system-out>
  <system-err><![CDATA[]]></system-err>
</testsuite>
